<?xml version="1.0" encoding="UTF-8" ?>
<testsuite errors="0" failures="1" name="ACEClient.ACEClient" tests="1" time="0.063">
  <properties>
    <property name="libs.jaxws20.classpath" value="C:\Program Files\netbeans-5.5.1\ide7\modules\ext\jaxws21\activation.jar;C:\Program Files\netbeans-5.5.1\ide7\modules\ext\jaxws21\FastInfoset.jar;C:\Program Files\netbeans-5.5.1\ide7\modules\ext\jaxws21\http.jar;C:\Program Files\netbeans-5.5.1\ide7\modules\ext\jaxws21\api\jaxb-api.jar;C:\Program Files\netbeans-5.5.1\ide7\modules\ext\jaxws21\jaxb-impl.jar;C:\Program Files\netbeans-5.5.1\ide7\modules\ext\jaxws21\jaxb-xjc.jar;C:\Program Files\netbeans-5.5.1\ide7\modules\ext\jaxws21\api\jaxws-api.jar;C:\Program Files\netbeans-5.5.1\ide7\modules\ext\jaxws21\jaxws-rt.jar;C:\Program Files\netbeans-5.5.1\ide7\modules\ext\jaxws21\jaxws-tools.jar;C:\Program Files\netbeans-5.5.1\ide7\modules\ext\jaxws21\api\jsr173_api.jar;C:\Program Files\netbeans-5.5.1\ide7\modules\ext\jaxws21\api\jsr181-api.jar;C:\Program Files\netbeans-5.5.1\ide7\modules\ext\jaxws21\jsr250-api.jar;C:\Program Files\netbeans-5.5.1\ide7\modules\ext\jaxws21\api\saaj-api.jar;C:\Program Files\netbeans-5.5.1\ide7\modules\ext\jaxws21\saaj-impl.jar;C:\Program Files\netbeans-5.5.1\ide7\modules\ext\jaxws21\sjsxp.jar;C:\Program Files\netbeans-5.5.1\ide7\modules\ext\jaxws21\stax-ex.jar;C:\Program Files\netbeans-5.5.1\ide7\modules\ext\jaxws21\streambuffer.jar"></property>
    <property name="default.javac.source" value="1.6"></property>
    <property name="file.encoding.pkg" value="sun.io"></property>
    <property name="Env-CM_PATH" value="C:\sml\lib"></property>
    <property name="javac.source" value="1.6"></property>
    <property name="Env-TMP" value="C:\DOCUME~1\GLL\LOCALS~1\Temp"></property>
    <property name="libs.jaxrpc16.src" value=""></property>
    <property name="netbeans.system_http_proxy" value="DIRECT"></property>
    <property name="java.home" value="C:\Program Files\Java\jdk1.6.0_03\jre"></property>
    <property name="test.src.dir" value="test"></property>
    <property name="javadoc.version" value="false"></property>
    <property name="Env-USERNAME" value="GLL"></property>
    <property name="ant.file.Server-impl" value="C:\programming\java\ecse321c\server\Server\nbproject\build-impl.xml"></property>
    <property name="env-userdomain" value="MERCURY"></property>
    <property name="libs.CopyLibs.classpath" value="C:\Program Files\netbeans-5.5.1\ide7\ant\extra\org-netbeans-modules-java-j2seproject-copylibstask.jar"></property>
    <property name="java.endorsed.dirs" value="C:\Program Files\Java\jdk1.6.0_03\jre\lib\endorsed"></property>
    <property name="src.dir" value="src"></property>
    <property name="nbplatform.default.harness.dir" value="C:\Program Files\netbeans-5.5.1/harness"></property>
    <property name="Env-COMPUTERNAME" value="MERCURY"></property>
    <property name="env-homedrive" value="C:"></property>
    <property name="build.sysclasspath" value="ignore"></property>
    <property name="have.sources" value="true"></property>
    <property name="sun.os.patch.level" value="Service Pack 2"></property>
    <property name="java.vendor.url" value="http://java.sun.com/"></property>
    <property name="java.version" value="1.6.0_03"></property>
    <property name="Env-SystemDrive" value="C:"></property>
    <property name="libs.jsf.classpath" value="C:\Program Files\netbeans-5.5.1\enterprise3\modules\ext\jsf\commons-beanutils.jar;C:\Program Files\netbeans-5.5.1\enterprise3\modules\ext\jsf\commons-collections.jar;C:\Program Files\netbeans-5.5.1\enterprise3\modules\ext\jsf\commons-digester.jar;C:\Program Files\netbeans-5.5.1\enterprise3\modules\ext\jsf\commons-logging.jar;C:\Program Files\netbeans-5.5.1\enterprise3\modules\ext\jsf\jsf-api.jar;C:\Program Files\netbeans-5.5.1\enterprise3\modules\ext\jsf\jsf-impl.jar"></property>
    <property name="Env-ComSpec" value="C:\WINDOWS\system32\cmd.exe"></property>
    <property name="Env-CLIENTNAME" value="Console"></property>
    <property name="javac.debug" value="true"></property>
    <property name="org.openide.major.version" value="IDE/1"></property>
    <property name="Env-PCTYPE" value="PAVILION"></property>
    <property name="Env-VS80COMNTOOLS" value="C:\Program Files\Microsoft Visual Studio 8\Common7\Tools\"></property>
    <property name="run.classpath" value=":build/classes"></property>
    <property name="java.vendor.url.bug" value="http://java.sun.com/cgi-bin/bugreport.cgi"></property>
    <property name="wsclientuptodate.classpath" value="C:\Program Files\netbeans-5.5.1\enterprise3\ant\extra\wsclientuptodate.jar"></property>
    <property name="libs.absolutelayout.javadoc" value=""></property>
    <property name="netbeans.buildnumber" value="200704122300"></property>
    <property name="env-processor_architecture" value="x86"></property>
    <property name="manifest.file" value="manifest.mf"></property>
    <property name="user.name" value="GLL"></property>
    <property name="manifest.available+main.class+mkdist.available" value="true"></property>
    <property name="env-temp" value="C:\DOCUME~1\GLL\LOCALS~1\Temp"></property>
    <property name="Env-PROCESSOR_REVISION" value="0f06"></property>
    <property name="sun.io.unicode.encoding" value="UnicodeLittle"></property>
    <property name="sun.jnu.encoding" value="Cp1252"></property>
    <property name="java.runtime.name" value="Java(TM) SE Runtime Environment"></property>
    <property name="env-logonserver" value="\\MERCURY"></property>
    <property name="jdk.home" value="C:\Program Files\Java\jdk1.6.0_03"></property>
    <property name="jspc.classpath" value="C:\Program Files\netbeans-5.5.1\ide7\ant\lib\ant.jar:C:\Program Files\netbeans-5.5.1\enterprise3\modules\ext\servlet2.5-jsp2.1-api.jar:${j2ee.platform.classpath}:C:\Program Files\netbeans-5.5.1\enterprise3\modules\ext\glassfish-jspparser.jar:C:\Program Files\netbeans-5.5.1\enterprise3\modules\ext\glassfish-logging.jar:C:\Program Files\netbeans-5.5.1\ide7\modules\ext\commons-logging-1.0.4.jar"></property>
    <property name="sun.awt.keepWorkingSetOnMinimize" value="true"></property>
    <property name="org.openide.TopManager" value="org.netbeans.core.NonGui"></property>
    <property name="netbeans.dirs" value="C:\Program Files\netbeans-5.5.1\nb5.5;C:\Program Files\netbeans-5.5.1\ide7;C:\Program Files\netbeans-5.5.1\enterprise3;C:\Program Files\netbeans-5.5.1\harness"></property>
    <property name="java.specification.name" value="Java Platform API Specification"></property>
    <property name="javadoc.author" value="false"></property>
    <property name="user.timezone" value=""></property>
    <property name="netbeans.system_http_non_proxy_hosts" value=""></property>
    <property name="manifest.available" value="true"></property>
    <property name="libs.junit.javadoc" value="C:\Program Files\netbeans-5.5.1\ide7\docs\junit-3.8.1-api.zip"></property>
    <property name="org.openide.specification.version" value="6.2"></property>
    <property name="path.separator" value=";"></property>
    <property name="Env-LOGONSERVER" value="\\MERCURY"></property>
    <property name="libs.absolutelayout.classpath" value="C:\Program Files\netbeans-5.5.1\ide7\modules\ext\AbsoluteLayout.jar"></property>
    <property name="libs.jaxrpc16.classpath" value="C:\Program Files\netbeans-5.5.1\ide7\modules\ext\jaxrpc16\activation.jar;C:\Program Files\netbeans-5.5.1\ide7\modules\ext\jaxrpc16\FastInfoset.jar;C:\Program Files\netbeans-5.5.1\ide7\modules\ext\jaxrpc16\jax-qname.jar;C:\Program Files\netbeans-5.5.1\ide7\modules\ext\jaxrpc16\jaxp-api.jar;C:\Program Files\netbeans-5.5.1\ide7\modules\ext\jaxrpc16\jaxrpc-api.jar;C:\Program Files\netbeans-5.5.1\ide7\modules\ext\jaxrpc16\jaxrpc-impl.jar;C:\Program Files\netbeans-5.5.1\ide7\modules\ext\jaxrpc16\jaxrpc-spi.jar;C:\Program Files\netbeans-5.5.1\ide7\modules\ext\jaxrpc16\jsr173_api.jar;C:\Program Files\netbeans-5.5.1\ide7\modules\ext\jaxrpc16\mail.jar;C:\Program Files\netbeans-5.5.1\ide7\modules\ext\jaxrpc16\relaxngDatatype.jar;C:\Program Files\netbeans-5.5.1\ide7\modules\ext\jaxrpc16\saaj-api.jar;C:\Program Files\netbeans-5.5.1\ide7\modules\ext\jaxrpc16\saaj-impl.jar;C:\Program Files\netbeans-5.5.1\ide7\modules\ext\jaxrpc16\xsdlib.jar"></property>
    <property name="Env-Path" value="C:\Program Files\MiKTeX 2.7\miktex\bin;C:\Program Files\Microsoft Visual Studio 8\Common7\IDE;C:\sml\bin;C:\WINDOWS\system32;C:\WINDOWS;C:\WINDOWS\System32\Wbem;c:\Program Files\Microsoft SQL Server\90\Tools\binn\;C:\MinGW\bin;C:\Program Files\Windows Media Player\6.4;C:\Program Files\Console;C:\Program Files\Support Tools\"></property>
    <property name="netbeans.accept_license_class" value="org.netbeans.license.AcceptLicense"></property>
    <property name="file.encoding" value="Cp1252"></property>
    <property name="dist.javadoc.dir" value="dist/javadoc"></property>
    <property name="env-programfiles" value="C:\Program Files"></property>
    <property name="https.nonProxyHosts" value="localhost|127.0.0.1|Mercury"></property>
    <property name="libs.junit.src" value=""></property>
    <property name="env-systemroot" value="C:\WINDOWS"></property>
    <property name="ant.file" value="C:\programming\java\ecse321c\server\Server\build.xml"></property>
    <property name="copyfiles.classpath" value="C:\Program Files\netbeans-5.5.1\enterprise3\ant\extra\copyfiles.jar"></property>
    <property name="Env-windir" value="C:\WINDOWS"></property>
    <property name="java.io.tmpdir" value="C:\DOCUME~1\GLL\LOCALS~1\Temp\"></property>
    <property name="env-processor_identifier" value="x86 Family 6 Model 15 Stepping 6, GenuineIntel"></property>
    <property name="build.test.results.dir" value="build/test/results"></property>
    <property name="user.language" value="en"></property>
    <property name="libs.jaxws20.src" value=""></property>
    <property name="line.separator" value="
"></property>
    <property name="apple.laf.useScreenMenuBar" value="true"></property>
    <property name="libs.absolutelayout.src" value=""></property>
    <property name="javac.compilerargs" value=""></property>
    <property name="netbeans.osenv.nullsep" value="true"></property>
    <property name="env-tmp" value="C:\DOCUME~1\GLL\LOCALS~1\Temp"></property>
    <property name="Env-SystemRoot" value="C:\WINDOWS"></property>
    <property name="jar.compress" value="false"></property>
    <property name="Env-FP_NO_HOST_CHECK" value="NO"></property>
    <property name="java.vm.info" value="mixed mode"></property>
    <property name="env-os" value="Windows_NT"></property>
    <property name="javadoc.private" value="false"></property>
    <property name="sun.desktop" value="windows"></property>
    <property name="java.vm.specification.name" value="Java Virtual Machine Specification"></property>
    <property name="build.test.classes.dir" value="build/test/classes"></property>
    <property name="jaxws.endorsed.dir" value="C:\Program Files\netbeans-5.5.1\ide7\modules\ext\jaxws21\api"></property>
    <property name="env-systemdrive" value="C:"></property>
    <property name="ant.file.Server" value="C:\programming\java\ecse321c\server\Server\build.xml"></property>
    <property name="netbeans.dynamic.classpath" value="C:\Program Files\netbeans-5.5.1\platform6\core\core.jar;C:\Program Files\netbeans-5.5.1\platform6\core\org-openide-filesystems.jar;C:\Program Files\netbeans-5.5.1\platform6\core\locale\core_ja.jar;C:\Program Files\netbeans-5.5.1\platform6\core\locale\core_pt_BR.jar;C:\Program Files\netbeans-5.5.1\platform6\core\locale\core_zh_CN.jar;C:\Program Files\netbeans-5.5.1\platform6\core\locale\org-openide-filesystems_ja.jar;C:\Program Files\netbeans-5.5.1\platform6\core\locale\org-openide-filesystems_pt_BR.jar;C:\Program Files\netbeans-5.5.1\platform6\core\locale\org-openide-filesystems_zh_CN.jar;C:\Program Files\netbeans-5.5.1\nb5.5\core\org-netbeans-upgrader.jar;C:\Program Files\netbeans-5.5.1\nb5.5\core\locale\core_nb.jar;C:\Program Files\netbeans-5.5.1\nb5.5\core\locale\core_nb_ja.jar;C:\Program Files\netbeans-5.5.1\nb5.5\core\locale\core_nb_pt_BR.jar;C:\Program Files\netbeans-5.5.1\nb5.5\core\locale\core_nb_zh_CN.jar;C:\Program Files\netbeans-5.5.1\nb5.5\core\locale\org-netbeans-upgrader_ja.jar;C:\Program Files\netbeans-5.5.1\nb5.5\core\locale\org-netbeans-upgrader_pt_BR.jar;C:\Program Files\netbeans-5.5.1\nb5.5\core\locale\org-netbeans-upgrader_zh_CN.jar;C:\Program Files\netbeans-5.5.1\ide7\core\org-netbeans-modules-utilities-cli.jar"></property>
    <property name="manifest.available+main.class" value="true"></property>
    <property name="platform.active" value="default_platform"></property>
    <property name="Env-CommonProgramFiles" value="C:\Program Files\Common Files"></property>
    <property name="env-appdata" value="C:\Documents and Settings\GLL\Application Data"></property>
    <property name="http.nonProxyHosts" value="localhost|127.0.0.1|Mercury"></property>
    <property name="javac.includes" value="ACEClient/ACEClient.java"></property>
    <property name="libs.jsf.src" value=""></property>
    <property name="Env-PROCESSOR_LEVEL" value="6"></property>
    <property name="javadoc.encoding" value=""></property>
    <property name="java.awt.printerjob" value="sun.awt.windows.WPrinterJob"></property>
    <property name="dist.jar" value="dist/Server.jar"></property>
    <property name="env-pctype" value="PAVILION"></property>
    <property name="meta.inf.dir" value="src/META-INF"></property>
    <property name="libs.struts.classpath" value="C:\Program Files\netbeans-5.5.1\enterprise3\modules\ext\struts\antlr.jar;C:\Program Files\netbeans-5.5.1\enterprise3\modules\ext\struts\commons-beanutils.jar;C:\Program Files\netbeans-5.5.1\enterprise3\modules\ext\struts\commons-digester.jar;C:\Program Files\netbeans-5.5.1\enterprise3\modules\ext\struts\commons-fileupload.jar;C:\Program Files\netbeans-5.5.1\enterprise3\modules\ext\struts\commons-logging.jar;C:\Program Files\netbeans-5.5.1\enterprise3\modules\ext\struts\commons-validator.jar;C:\Program Files\netbeans-5.5.1\enterprise3\modules\ext\struts\jakarta-oro.jar;C:\Program Files\netbeans-5.5.1\enterprise3\modules\ext\struts\struts.jar"></property>
    <property name="ant.version" value="Apache Ant version 1.6.5 compiled on June 2 2005"></property>
    <property name="netbeans.home" value="C:\Program Files\netbeans-5.5.1\platform6"></property>
    <property name="no.javadoc.preview" value="true"></property>
    <property name="javadoc.nonavbar" value="false"></property>
    <property name="user.properties.file" value="C:\Documents and Settings\GLL\.netbeans\5.5.1\build.properties"></property>
    <property name="libs.toplink.classpath" value="C:\Program Files\netbeans-5.5.1\enterprise3\modules\ext\toplink\toplink-essentials.jar;C:\Program Files\netbeans-5.5.1\enterprise3\modules\ext\toplink\toplink-essentials-agent.jar"></property>
    <property name="netbeans.importclass" value="org.netbeans.upgrade.AutoUpgrade"></property>
    <property name="env-allusersprofile" value="C:\Documents and Settings\All Users"></property>
    <property name="https.proxyPort" value=""></property>
    <property name="env-windir" value="C:\WINDOWS"></property>
    <property name="env-vs80comntools" value="C:\Program Files\Microsoft Visual Studio 8\Common7\Tools\"></property>
    <property name="Env-APPDATA" value="C:\Documents and Settings\GLL\Application Data"></property>
    <property name="build.generated.dir" value="build/generated"></property>
    <property name="netbeans.home+have.tests" value="true"></property>
    <property name="env-clientname" value="Console"></property>
    <property name="os.name" value="Windows XP"></property>
    <property name="java.specification.vendor" value="Sun Microsystems Inc."></property>
    <property name="run.test.classpath" value=":build/classes:C:\Program Files\netbeans-5.5.1\ide7\modules\ext\junit-3.8.1.jar:build/test/classes"></property>
    <property name="java.vm.name" value="Java HotSpot(TM) Client VM"></property>
    <property name="libs.CopyLibs.src" value=""></property>
    <property name="env-number_of_processors" value="2"></property>
    <property name="org.openide.version" value="deprecated"></property>
    <property name="env-soniccentral" value="C:\Program Files\Common Files\Sonic Shared\Sonic Central\"></property>
    <property name="libs.junit.classpath" value="C:\Program Files\netbeans-5.5.1\ide7\modules\ext\junit-3.8.1.jar"></property>
    <property name="java.library.path" value="C:\Program Files\Java\jdk1.6.0_03\jre\bin;.;C:\WINDOWS\Sun\Java\bin;C:\WINDOWS\system32;C:\WINDOWS;C:\Program Files\MiKTeX 2.7\miktex\bin;C:\Program Files\Microsoft Visual Studio 8\Common7\IDE;C:\sml\bin;C:\WINDOWS\system32;C:\WINDOWS;C:\WINDOWS\System32\Wbem;c:\Program Files\Microsoft SQL Server\90\Tools\binn\;C:\MinGW\bin;C:\Program Files\Windows Media Player\6.4;C:\Program Files\Console;C:\Program Files\Support Tools\"></property>
    <property name="env-homepath" value="\Documents and Settings\GLL"></property>
    <property name="env-pathext" value=".COM;.EXE;.BAT;.CMD;.VBS;.VBE;.JS;.JSE;.WSF;.WSH"></property>
    <property name="libs.toplink.javadoc" value=""></property>
    <property name="env-processor_revision" value="0f06"></property>
    <property name="ant.java.version" value="1.5"></property>
    <property name="javadoc.noindex" value="false"></property>
    <property name="java.class.version" value="50.0"></property>
    <property name="basedir" value="C:\programming\java\ecse321c\server\Server"></property>
    <property name="env-platform" value="MCD"></property>
    <property name="sun.awt.exception.handler" value="org.netbeans.core.NbErrorManager$AWTHandler"></property>
    <property name="javac.test.classpath" value=":build/classes:C:\Program Files\netbeans-5.5.1\ide7\modules\ext\junit-3.8.1.jar"></property>
    <property name="Env-USERDOMAIN" value="MERCURY"></property>
    <property name="ant.home" value="C:\Program Files\netbeans-5.5.1\ide7\ant"></property>
    <property name="javadoc.splitindex" value="true"></property>
    <property name="Env-TEMP" value="C:\DOCUME~1\GLL\LOCALS~1\Temp"></property>
    <property name="libs.toplink.src" value=""></property>
    <property name="javadoc.preview" value="true"></property>
    <property name="libs.CopyLibs.javadoc" value=""></property>
    <property name="libs.jaxws20.javadoc" value=""></property>
    <property name="env-sessionname" value="Console"></property>
    <property name="Env-PATHEXT" value=".COM;.EXE;.BAT;.CMD;.VBS;.VBE;.JS;.JSE;.WSF;.WSH"></property>
    <property name="sun.boot.library.path" value="C:\Program Files\Java\jdk1.6.0_03\jre\bin"></property>
    <property name="build.dir" value="build"></property>
    <property name="sun.management.compiler" value="HotSpot Client Compiler"></property>
    <property name="user.variant" value=""></property>
    <property name="java.awt.graphicsenv" value="sun.awt.Win32GraphicsEnvironment"></property>
    <property name="libs.jaxb20.classpath" value="C:\Program Files\netbeans-5.5.1\ide7\modules\ext\jaxws21\activation.jar;C:\Program Files\netbeans-5.5.1\ide7\modules\ext\jaxws21\api\jaxb-api.jar;C:\Program Files\netbeans-5.5.1\ide7\modules\ext\jaxws21\jaxb-impl.jar;C:\Program Files\netbeans-5.5.1\ide7\modules\ext\jaxws21\jaxb-xjc.jar;C:\Program Files\netbeans-5.5.1\ide7\modules\ext\jaxws21\api\jsr173_api.jar"></property>
    <property name="Env-SESSIONNAME" value="Console"></property>
    <property name="javadoc.windowtitle" value=""></property>
    <property name="http.proxyPort" value=""></property>
    <property name="env-computername" value="MERCURY"></property>
    <property name="https.proxyHost" value=""></property>
    <property name="libs.jstl11.javadoc" value="C:\Program Files\netbeans-5.5.1\enterprise3\docs\javaee5-doc-api.zip"></property>
    <property name="netbeans.osenv" value="C:\DOCUME~1\GLL\LOCALS~1\Temp\nbenv2"></property>
    <property name="run.jvmargs" value=""></property>
    <property name="build.compiler.emacs" value="true"></property>
    <property name="libs.jstl11.src" value=""></property>
    <property name="ant.project.name" value="Server"></property>
    <property name="libs.swing-layout.classpath" value="C:\Program Files\netbeans-5.5.1\platform6\modules\ext\swing-layout-1.0.jar"></property>
    <property name="env-commonprogramfiles" value="C:\Program Files\Common Files"></property>
    <property name="java.vm.specification.version" value="1.0"></property>
    <property name="work.dir" value="C:\programming\java\ecse321c\server\Server"></property>
    <property name="awt.toolkit" value="sun.awt.windows.WToolkit"></property>
    <property name="javadoc.use" value="true"></property>
    <property name="sun.cpu.isalist" value="pentium_pro+mmx pentium_pro pentium+mmx pentium i486 i386 i86"></property>
    <property name="java.ext.dirs" value="C:\Program Files\Java\jdk1.6.0_03\jre\lib\ext;C:\WINDOWS\Sun\Java\lib\ext"></property>
    <property name="os.version" value="5.1"></property>
    <property name="libs.jstl11.classpath" value="C:\Program Files\netbeans-5.5.1\enterprise3\modules\ext\standard.jar;C:\Program Files\netbeans-5.5.1\enterprise3\modules\ext\jstl.jar"></property>
    <property name="user.home" value="C:\Documents and Settings\GLL"></property>
    <property name="org.xml.sax.driver" value="com.sun.org.apache.xerces.internal.jaxp.SAXParserImpl$JAXPSAXParser"></property>
    <property name="javax.xml.parsers.DocumentBuilderFactory" value="org.netbeans.core.startup.DOMFactoryImpl"></property>
    <property name="Env-ALLUSERSPROFILE" value="C:\Documents and Settings\All Users"></property>
    <property name="java.vm.vendor" value="Sun Microsystems Inc."></property>
    <property name="libs.struts.src" value=""></property>
    <property name="env-comspec" value="C:\WINDOWS\system32\cmd.exe"></property>
    <property name="Env-PROCESSOR_IDENTIFIER" value="x86 Family 6 Model 15 Stepping 6, GenuineIntel"></property>
    <property name="user.dir" value="C:\programming\java\ecse321c\server\Server"></property>
    <property name="org.openide.TopManager.GUI" value="true"></property>
    <property name="libs.jaxb20.javadoc" value=""></property>
    <property name="env-username" value="GLL"></property>
    <property name="libs.jsf.javadoc" value="C:\Program Files\netbeans-5.5.1\enterprise3\docs\javaee5-doc-api.zip"></property>
    <property name="application.args" value=""></property>
    <property name="Env-NUMBER_OF_PROCESSORS" value="2"></property>
    <property name="Env-HOMEPATH" value="\Documents and Settings\GLL"></property>
    <property name="env-path" value="C:\Program Files\MiKTeX 2.7\miktex\bin;C:\Program Files\Microsoft Visual Studio 8\Common7\IDE;C:\sml\bin;C:\WINDOWS\system32;C:\WINDOWS;C:\WINDOWS\System32\Wbem;c:\Program Files\Microsoft SQL Server\90\Tools\binn\;C:\MinGW\bin;C:\Program Files\Windows Media Player\6.4;C:\Program Files\Console;C:\Program Files\Support Tools\"></property>
    <property name="sun.cpu.endian" value="little"></property>
    <property name="libs.jaxb20.src" value=""></property>
    <property name="Env-HOMEDRIVE" value="C:"></property>
    <property name="Env-PLATFORM" value="MCD"></property>
    <property name="java.vm.version" value="1.6.0_03-b05"></property>
    <property name="java.class.path" value="C:\programming\java\ecse321c\server\Server\build\classes;C:\Program Files\netbeans-5.5.1\ide7\modules\ext\junit-3.8.1.jar;C:\programming\java\ecse321c\server\Server\build\test\classes;C:\Program Files\netbeans-5.5.1\ide7\ant\lib\ant-launcher.jar;C:\Program Files\netbeans-5.5.1\ide7\ant\lib\ant.jar;C:\Program Files\netbeans-5.5.1\ide7\ant\lib\ant-junit.jar"></property>
    <property name="javax.xml.parsers.SAXParserFactory" value="org.netbeans.core.startup.SAXFactoryImpl"></property>
    <property name="os.arch" value="x86"></property>
    <property name="javac.deprecation" value="false"></property>
    <property name="http.proxyHost" value=""></property>
    <property name="nbplatform.default.netbeans.dest.dir" value="C:\Program Files\netbeans-5.5.1"></property>
    <property name="build.classes.excludes" value="**/*.java,**/*.form"></property>
    <property name="dist.dir" value="dist"></property>
    <property name="Env-OS" value="Windows_NT"></property>
    <property name="debug.classpath" value=":build/classes"></property>
    <property name="netbeans.user" value="C:\Documents and Settings\GLL\.netbeans\5.5.1"></property>
    <property name="Env-ProgramFiles" value="C:\Program Files"></property>
    <property name="sun.java.launcher" value="SUN_STANDARD"></property>
    <property name="env-fp_no_host_check" value="NO"></property>
    <property name="java.vm.specification.vendor" value="Sun Microsystems Inc."></property>
    <property name="file.separator" value="\"></property>
    <property name="env-processor_level" value="6"></property>
    <property name="java.runtime.version" value="1.6.0_03-b05"></property>
    <property name="sun.boot.class.path" value="C:\Program Files\Java\jdk1.6.0_03\jre\lib\resources.jar;C:\Program Files\Java\jdk1.6.0_03\jre\lib\rt.jar;C:\Program Files\Java\jdk1.6.0_03\jre\lib\sunrsasign.jar;C:\Program Files\Java\jdk1.6.0_03\jre\lib\jsse.jar;C:\Program Files\Java\jdk1.6.0_03\jre\lib\jce.jar;C:\Program Files\Java\jdk1.6.0_03\jre\lib\charsets.jar;C:\Program Files\Java\jdk1.6.0_03\jre\classes"></property>
    <property name="debug.test.classpath" value=":build/classes:C:\Program Files\netbeans-5.5.1\ide7\modules\ext\junit-3.8.1.jar:build/test/classes"></property>
    <property name="env-userprofile" value="C:\Documents and Settings\GLL"></property>
    <property name="Env-SonicCentral" value="C:\Program Files\Common Files\Sonic Shared\Sonic Central\"></property>
    <property name="have.tests" value="true"></property>
    <property name="main.class" value="ace.ACEServer"></property>
    <property name="test.includes" value="ACEClient/ACEClient.java"></property>
    <property name="user.country" value="CA"></property>
    <property name="javadoc.notree" value="false"></property>
    <property name="Env-USERPROFILE" value="C:\Documents and Settings\GLL"></property>
    <property name="Env-PROCESSOR_ARCHITECTURE" value="x86"></property>
    <property name="libs.struts.javadoc" value="C:\Program Files\netbeans-5.5.1\enterprise3\docs\struts-1.2.9-javadoc.zip"></property>
    <property name="env-cm_path" value="C:\sml\lib"></property>
    <property name="javadoc.additionalparam" value=""></property>
    <property name="javac.classpath" value=""></property>
    <property name="default.javac.target" value="1.6"></property>
    <property name="build.classes.dir" value="build/classes"></property>
    <property name="libs.swing-layout.src" value=""></property>
    <property name="libs.swing-layout.javadoc" value="C:\Program Files\netbeans-5.5.1\platform6\docs\swing-layout-1.0-doc.zip"></property>
    <property name="java.vendor" value="Sun Microsystems Inc."></property>
    <property name="javac.target" value="1.6"></property>
    <property name="libs.jaxrpc16.javadoc" value=""></property>
    <property name="java.specification.version" value="1.6"></property>
    <property name="sun.arch.data.model" value="32"></property>
  </properties>
  <testcase classname="junit.framework.TestSuite$1" name="warning" time="0.016">
    <failure message="No tests found in ACEClient.ACEClient" type="junit.framework.AssertionFailedError">junit.framework.AssertionFailedError: No tests found in ACEClient.ACEClient
</failure>
  </testcase>
  <system-out><![CDATA[]]></system-out>
  <system-err><![CDATA[]]></system-err>
</testsuite>
